<?xml version="1.0" encoding="UTF-8"?>
<testsuite xmlns:xsi="http://www.w3.org/2001/XMLSchema-instance" xsi:noNamespaceSchemaLocation="https://maven.apache.org/surefire/maven-surefire-plugin/xsd/surefire-test-report-3.0.xsd" version="3.0" name="edu.iit.sat.itmd4515.xkou.StudentJPATest" time="0.954" tests="6" errors="0" skipped="0" failures="0">
  <properties>
[...]
</properties>
  <testcase name="uniDirectionalRelationshipTest" classname="edu.iit.sat.itmd4515.xkou.StudentJPATest" time="0.101">
    <system-out><![CDATA[[EL Info]: 2023-12-09 03:36:06.148--ServerSession(1445999733)--EclipseLink, version: Eclipse Persistence Services - 4.0.2.v202306161219
]]></system-out>
    <system-err><![CDATA[12月 09, 2023 3:36:06 上午 org.hibernate.validator.internal.util.Version <clinit>
INFO: HV000001: Hibernate Validator 8.0.1.Final
]]></system-err>
  </testcase>
  <testcase name="readTest" classname="edu.iit.sat.itmd4515.xkou.StudentJPATest" time="0.005"/>
  <testcase name="updateTest" classname="edu.iit.sat.itmd4515.xkou.StudentJPATest" time="0.007"/>
  <testcase name="createTest" classname="edu.iit.sat.itmd4515.xkou.StudentJPATest" time="0.007"/>
  <testcase name="deleteTest" classname="edu.iit.sat.itmd4515.xkou.StudentJPATest" time="0.008"/>
  <testcase name="biDirectionalRelationshipTest" classname="edu.iit.sat.itmd4515.xkou.StudentJPATest" time="0.017">
    <system-out><![CDATA[Navigating the relationship from the owning side: [Student{id=9, name=Rick, admissionDate=2022-06-09, gender=MAN}]
Navigating the relationship from the inverse side: [Teacher{id=1, name=Scott, email=scott@iit.edu, birthDate=1999-01-01}]
]]></system-out>
  </testcase>
</testsuite>